[  0.0000] Initaling cgrp ubs cuset
[    0.000000] Initializing cgroup subsys cpu
[    .000000] Initializing cgroup subsys cpuacct
[    0.000000] Linux version 4.4.0-112-generic (buildd@lgw01-amd64-010) (gcc version 5.4.0 01069 (Ubun 54.0-6ubuntu1~16.04.5) ) #135-Ubuntu SMP Fri Jan 19 11:48:36 UTC 2018 (Ubuntu 4.4.0-112.135-generic 4.4.98)
[    0.0000]Command line: BOOT_IMAGE=/boot/vmlinuz-4.4.0-112-generic root=LABEL=cloudimg-rootfs ro console=tty1 console=ttyS0
[    0.000000] KERNEL supported cpus:
[    0.000000]   Intel GenuineIntel
[    0.000000]   AMD AuthenticAMD
[    0.000000]   Centaur CentaurHauls
[    0.000000] x86/fpu: xstate_offset[2]:  576, xstate_szes[2]:  256
[   0.0000] x86/fpu:Supoting XSAVE feature 0x01: 'x87 floating point registers'
[    0.000000] x86/fpu: Supporting XSAVE feature 0x02: 'SSE registers'
[    0.000000] x86/fpu: Supporting XSAVE feature 0x04: 'AVX registers'
[    0.0000] x86/fpu: Enabled xstate features 0x7, context size is 832 bytes, using 'standard' format.
[    0.000000] x86/fpu: Using 'lazy' FPU context switches.
[    0.000000] e820: BIOS-provided physical RAM mp:
[    0.000] BIOS-e820:[mm 0x0000000000-0x0000000000fbf] usabe[    00000] OS-e820:me 00000000009fc00-0x0000000009ff] eserved
[  0.0000] BIOS-82 [mem 0x000000000000000x00000000fff] resrv
[    .0000] BOS820: [mm 000000010000x000001ffeff usab
    0.000000] BIOS-e820: [mem 0x000000001fff0000-0x000000001ffffff] ACPI data
[    0.000000] IOS-e820: [mem 0x00000000fec00000-0x00000fec00fff] reserved
[    0.000000] BIOS-e820: [mem 0x00000000fee00000-0x00000000fee00fff] reserved
[    0.000000] BIOS-e820: [mem 0x00000000fffc0000-0x00000000ffffffff] serv
    0.0000] NX (Ecue Disable) protection: active
[    0.000000] SMBOS 25 prent.
[  000000 Hyperis detected: KM
  0.0000]e820: last_pn = x1f0 mx_ch_pf =x40000000
[    0.000000] MTRR: Disabled
[    0.000000] x86/PAT: MTRRs disabled, skipping PAT initialization too.
[    0.000000] CPU MTRRs all blank - virtualized system.
[   0.000] x86/PA: Configurtion[0]: WB  W  C-UC B WT  U-   
[   000000] ou SMP MP-tbl at[m 0x0009ff0x0009ff mapped t fff8800000ff0]    0.00000] caning  aas fr w memoy rrupio
[    0.00000RAMDISK: [mem 0x1ecf2000-0x1f77bfff]
[    0.000000]ACPI: Earlytable checsum vificaon dibled    .0000] ACPI: RSDP 0x00000000000E0000 000024 (v02 VBOX  )
[    0.0000] ACPI: XDT 00000001F0030 0003 (v01 VBOX   VBOXXSDT 00000001 ASL  00000061)
[    0.000000] ACPI: FACP 0x000000001FFF00F0 0000F4 (v04 VBOX   VBOXFACP 000001 ASL  00000)
[    0.000000] ACPI: DSDT 0x000000001FFF0470 0021FF (v02 VBOX   VBOXBIOS 00000002 INTL 20100528)
[    0.000000] ACPI: FACS 0x000000001FFF0200 000040
[    0.000000] ACPI: FACS 0x000000001FFF0200 000040
[    0.000000] ACPI: APIC 0x000000001FFF0240 00005C (v02 VBOX   VBOAPC 000001 ASL  00000061)
  0.000000] ACPI: DT0x000000FFF020 01CC (01VBX   BOXCPUT 0000002INL 20100528)
[   0.0000] No NUMconfiratiofond    0.00000] Faking a node at [mem 0x0000000000000000-0x000000001ffeffff]
[  0.0000] ODE_DAA( allocated [mem 0x1ffeb000-0x1ffefff
[    0.000000] kvm-clock: in msrs 4b564d01 and 4b564d00
[    0.000000] kvm-clock: cpu 0, msr 0:1ffe3001, primary cpu clock
[    0.000000] kvm-clock:sing hed offset of 3388794030 cycles
[   0.000000] losource: kvm-ock: ma: xfffffffffffff max_cycles: 0x1cd42e4dffb, max_idle_ns: 881590591483 ns
[    0.000000] Zone ranges:
[    0.000000]   DMA      [mem 0x0000000000001000-0x0000000000ffffff]
[  0000000]  DM2    [em 0x00000001000000-0x000000001ffeffff]
[    0.000000]   Normal  mpty[    00000] Deice epty    00000] Movable zone start fo eh nod
   0.000] Eary mory odranges
   0.00000]  node  0 [mem0x00000001000-0x000000009efff]
[    000000]   node  0:[mem 0x000000000100000-0x000000001ffeffff]
[    0.000000] Initmem tup node 0 [mem 0x0000000000001000-0x000000001ffeffff]
[    0.000000] ACPI: PM-Timer IO Port: 0x4008
[    0.000000] IOAPIC[0]: apic_id 2, version 32, address 0xfec00000, GSI 0-23
[    0.000000] ACPI: INT_SRC_OVR (bus 0 bus_irq 0 global_irq 2 dfl dfl)
[    0.000000] ACI:NT_SC_R (bus0 s_irq 9 global_irq 9 low level)
[    0.000000] Using ACPI (MADT) for SMP configuration information
[    0.000000 sboot: Allowing 2 CUs0 hopl CPUs
[    000000]M: Restred nosave memo: [mem0x00000-00000ff
[   0.0000] M:Reisred nav mmoy:[mem 0000f000-0x009fff]
[  0.0000 PM: Rgierednove mmo: [m 0x000a000-000ffff]
[    0.000000] PM: Registered nosave memory: [mem 0x000f0000-0x000fffff]
[    0.000000] e820: [mem 0x20000000-0xfebfffff] available for PCI devices
[    0.000000] Booting paravirtualized kernel on KVM
[    0.000] cocource: efed-jiffs:mask: 0xffffffffma_cyces0xfffffffmax_idle_ns: 7645519600211568 ns
[    0.000000] setup_percpu: NR_CPUS:512 nr_cpumask_bits:512 nr_cpu_ids:2 nr_node_ids:1
[    0.0000] PCP: Ebeed 34ages/cpu @ffff88001fc00000 s99544 r8192 d31528 u1048576
[    0.000000] PV qspinlock hash table entries: 256 (order: 0, 4096 bytes)
[    0.0000] uilt 1 zonelists in Node order, mility grpig onn.  ta paes 128889
[    0.000000] Policy zone: DMA32
[    0.000000] Kernel command line: BOOT_IMAGE=/boot/vmlinuz-4.4.0-11-geeric root=LABEL=cloudimg-rootfs ro console=tty1 console=ttyS0
[    0.000000]ID hash tab etres2048 (orde: , 16384 bytes)
    .000000] Memory: 48566K/2332availbl(8499K kernelode, 1309K rwdta, 388rodat 108K ni 1316K bs, 8172 reseved, 0K cmaesered
[    0.0000] SLUB: algn=64, Order=0-3, MinObjects=0, CPUs=2, Nodes=1
[    0.000000] Kernel/User page tables isolation: enabled
[    0.000000] Hierarchical RCU implementation.
[  0.0000] uild-meadjstnt of lef nout t64
[    0.000] 	CUestricting CPUs from NR_CPUS=512 to nr_cpu_ids=2.
[    0.000000] RCU: Adjusting geometry for rcu_fanoutle=64,nr_cpu_ids=2
[    0.000000] NR_IRQS3302 nr_irqs:440 16
[    0.000000] Cnsole: colour VGA+ 80x25
[    0.000000] console [tty1] enabled
[    0.000000] console [ttyS0] enabled
[    0.000000] tsc: Detected 1599.999 MHz processor
[   12.313672] Calibrating delay loop (skipped) preset value.. 3199.99 BogoMIPS (lpj=6399996)
[   12.316088] pid_max: default: 32768 minimum: 301
[   12.317422] ACPI: Core revision 20150930
[   12.332416] ACPI: 2 ACPI AML tables successfully acquired and loaded
[   12.347175] Security Framework initialized
[   12.352119] Yama: becoming mindful.
[   12.358286] AppArmor: AppArmor initialized
[   12.371023] Dentry cache hash table entries: 65536 (order: 7, 524288 bytes)
[   12.393586] Inode-cache hash table entries: 32768 (order: 6, 262144 bytes)
[   12.405986] Mount-cache hash table entries: 1024 (order: 1, 8192 bytes)
[   12.432714] Mountpoint-cache hash table entries: 1024 (order: 1, 8192 bytes)
[   12.452909] Initializing cgroup subsys io
[   12.458645] Initializing cgroup subsys memory
[   12.466877] Initializing cgroup subsys devices
[   12.475578] Initializing cgroup subsys freezer
[   12.479096] Initializing cgroup subsys net_cls
[   12.481542] Initializing cgroup subsys perf_event
[   12.485314] Initializing cgroup subsys net_prio
[   12.493331] Initializing cgroup subsys hugetlb
[   12.504301] Initializing cgroup subsys pids
[   12.510448] CPU: Physical Processor ID: 0
[   12.515901] CPU: Processor Core ID: 0
[   12.520500] FEATURE SPEC_CTRL Not Present
[   12.528291] mce: CPU supports 0 MCE banks
[   12.532561] Last level iTLB entries: 4KB 64, 2MB 8, 4MB 8
[   12.538138] Last level dTLB entries: 4KB 64, 2MB 0, 4MB 0, 1GB 4
[   12.568662] Freeing SMP alternatives memory: 32K
[   12.606254] ftrace: allocating 32180 entries in 126 pages
[   12.686461] smpboot: APIC(0) Converting physical 0 to logical package 0
[   12.720916] smpboot: Max logical packages: 1
[   12.745174] x2apic enabled
[   12.785921] Switched APIC routing to physical x2apic.
[   12.813643] ..TIMER: vector=0x30 apic1=0 pin1=2 apic2=-1 pin2=-1
[   13.024168] smpboot: CPU0: Intel(R) Core(TM) i5-5250U CPU @ 1.60GHz (family: 0x6, model: 0x3d, stepping: 0x4)
[   13.184896] Performance Events: unsupported p6 CPU model 61 no PMU driver, software events only.
[   13.320819] KVM setup paravirtual spinlock
[   13.380393] x86: Booting SMP configuration:
[   13.450063] .... node  #0, CPUs:      #1
[   13.491023] kvm-clock: cpu 1, msr 0:1ffe3041, secondary cpu clock
[   13.511100] mce: CPU supports 0 MCE banks
[   13.513901] x86: Booted up 1 node, 2 CPUs
[   13.539793] smpboot: Total of 2 processors activated (6399.99 BogoMIPS)
[   13.597186] devtmpfs: initialized
[   13.612005] evm: security.selinux
[   13.642855] evm: security.SMACK64
[   13.675369] evm: security.SMACK64EXEC
[   13.716199] evm: security.SMACK64TRANSMUTE
[   13.726383] evm: security.SMACK64MMAP
[   13.739940] evm: security.ima
[   13.762171] evm: security.capability
[   13.770076] clocksource: jiffies: mask: 0xffffffff max_cycles: 0xffffffff, max_idle_ns: 7645041785100000 ns
[   13.780362] futex hash table entries: 512 (order: 3, 32768 bytes)
[   13.831706] pinctrl core: initialized pinctrl subsystem
[   13.836368] RTC time: 13:57:04, date: 02/05/18
[   13.880420] NET: Registered protocol family 16
[   13.910778] cpuidle: using governor ladder
[   13.950255] cpuidle: using governor menu
[   13.998780] PCCT header not found.
[   14.037452] ACPI: bus type PCI registered
[   14.077604] acpiphp: ACPI Hot Plug PCI Controller Driver version: 0.5
[   14.132277] PCI: Using configuration type 1 for base access
[   14.211097] ACPI: Added _OSI(Module Device)
[   14.239957] ACPI: Added _OSI(Processor Device)
[   14.269104] ACPI: Added _OSI(3.0 _SCP Extensions)
[   14.320763] ACPI: Added _OSI(Processor Aggregator Device)
[   14.373292] ACPI: Executed 1 blocks of module-level executable AML code
[   14.450701] ACPI: Interpreter enabled
[   14.492052] ACPI: (supports S0 S5)
[   14.525060] ACPI: Using IOAPIC for interrupt routing
[   14.585406] PCI: Using host bridge windows from ACPI; if necessary, use "pci=nocrs" and report a bug
[   14.693088] ACPI: PCI Root Bridge [PCI0] (domain 0000 [bus 00-ff])
[   14.714769] acpi PNP0A03:00: _OSC: OS supports [ASPM ClockPM Segments MSI]
[   14.733624] acpi PNP0A03:00: _OSC: not requesting OS control; OS requires [ExtendedConfig ASPM ClockPM MSI]
[   14.787678] acpi PNP0A03:00: fail to add MMCONFIG information, can't access extended PCI configuration space under this bridge.
[   14.873025] PCI host bridge to bus 0000:00
[   14.906901] pci_bus 0000:00: root bus resource [io  0x0000-0x0cf7 window]
[   14.936935] pci_bus 0000:00: root bus resource [io  0x0d00-0xffff window]
[   15.002775] pci_bus 0000:00: root bus resource [mem 0x000a0000-0x000bffff window]
[   15.092054] pci_bus 0000:00: root bus resource [mem 0x20000000-0xfdffffff window]
[   15.171339] pci_bus 0000:00: root bus resource [bus 00-ff]
[   15.234565] pci 0000:00:01.1: legacy IDE quirk: reg 0x10: [io  0x01f0-0x01f7]
[   15.267171] pci 0000:00:01.1: legacy IDE quirk: reg 0x14: [io  0x03f6]
[   15.305948] pci 0000:00:01.1: legacy IDE quirk: reg 0x18: [io  0x0170-0x0177]
[   15.391050] pci 0000:00:01.1: legacy IDE quirk: reg 0x1c: [io  0x0376]
[   15.478482] pci 0000:00:07.0: quirk: [io  0x4000-0x403f] claimed by PIIX4 ACPI
[   15.516204] pci 0000:00:07.0: quirk: [io  0x4100-0x410f] claimed by PIIX4 SMB
[   15.590947] ACPI: PCI Interrupt Link [LNKA] (IRQs 5 9 10 *11)
[   15.650651] ACPI: PCI Interrupt Link [LNKB] (IRQs 5 9 *10 11)
[   15.718326] ACPI: PCI Interrupt Link [LNKC] (IRQs 5 *9 10 11)
[   15.763188] ACPI: PCI Interrupt Link [LNKD] (IRQs 5 9 10 *11)
[   15.816711] ACPI: Enabled 2 GPEs in block 00 to 07
[   15.838917] vgaarb: setting as boot device: PCI:0000:00:02.0
[   15.865171] vgaarb: device added: PCI:0000:00:02.0,decodes=io+mem,owns=io+mem,locks=none
[   15.868907] vgaarb: loaded
[   15.904764] vgaarb: bridge control possible 0000:00:02.0
[   15.953233] SCSI subsystem initialized
[   16.001021] ACPI: bus type USB registered
[   16.013415] usbcore: registered new interface driver usbfs
[   16.063621] usbcore: registered new interface driver hub
[   16.112705] usbcore: registered new device driver usb
[   16.157918] PCI: Using ACPI for IRQ routing
[   16.181561] NetLabel: Initializing
[   16.229641] NetLabel:  domain hash size = 128
[   16.284795] NetLabel:  protocols = UNLABELED CIPSOv4
[   16.299404] NetLabel:  unlabeled traffic allowed by default
[   16.351189] amd_nb: Cannot enumerate AMD northbridges
[   16.427096] clocksource: Switched to clocksource kvm-clock
[   1.429 AppArmr:ppmoFisystem naed[   16.801]npPnAC iit
[  13513pn: PnP ACPI: found 3 devices

[   17.562615] clocksource: acpi_pm: mask: 0xffffff max_cycles: 0xffffff, max_idle_ns: 2085701024 ns
[   17.700072] NET: Registered protocol family 2
[   17.756708] TCP established hash table entries: 4096 (order: 3, 32768 bytes)
[   17.816937] TCP bind hash table entries: 4096 (order: 4, 65536 bytes)
[   17.920370] TCP: Hash tables configured (established 4096 bind 4096)
[   17.977635] UDP hash table entries: 256 (order: 1, 8192 bytes)
[   17.979068] UDP-Lite hash table entries: 256 (order: 1, 8192 bytes)
[   18.022123] NET: Registered protocol family 1
[   18.023273] pci 0000:00:00.0: Limiting direct PCI/PCI transfers
[   18.024764] pci 0000:00:01.0: Activating ISA DMA hang workarounds
[   18.092923] Unpacking initramfs...
[   20.157878] Freeing initrd memory: 10792K
[   20.227182] RAPL PMU detected, API unit is 2^-32 Joules, 4 fixed counters 10737418240 ms ovfl timer
[   20.319933] hw unit of domain pp0-core 2^-0 Joules
[   20.340732] hw unit of domain package 2^-0 Joules
[   20.342108] hw unit of domain dram 2^-0 Joules
[   20.348306] hw unit of domain pp1-gpu 2^-0 Joules
[   20.351306] platform rtc_cmos: registered platform RTC device (no PNP device found)
[   20.373084] Scanning for low memory corruption every 60 seconds
[   20.396173] audit: initializing netlink subsys (disabled)
[   20.405904] audit: type=2000 audit(1517839020.198:1): initialized
[   20.430321] Initialise system trusted keyring
[   20.489599] HugeTLB registered 2 MB page size, pre-allocated 0 pages
[   20.608616] zbud: loaded
[   20.640770] VFS: Disk quotas dquot_6.6.0
[   20.712827] VFS: Dquot-cache hash table entries: 512 (order 0, 4096 bytes)
[   20.784968] squashfs: version 4.0 (2009/01/31) Phillip Lougher
[   20.940204] fuse init (API version 7.23)
[   20.997358] Key type big_key registered
[   21.112998] Allocating IMA MOK and blacklist keyrings.
[   21.204325] Key type asymmetric registered
[   21.255596] Asymmetric key parser 'x509' registered
[   21.319413] Block layer SCSI generic (bsg) driver version 0.4 loaded (major 249)
[   21.411611] tsc: Refined TSC clocksource calibration: 1600.867 MHz
[   21.415710] io scheduler noop registered
[   21.415712] io scheduler deadline registered (default)
[   21.415760] io scheduler cfq registered
[   21.415870] pci_hotplug: PCI Hot Plug PCI Core version: 0.5
[   21.415876] pciehp: PCI Express Hot Plug Controller Driver version: 0.4
[   21.416215] ACPI: AC Adapter [AC] (off-line)
[   21.416270] input: Power Button as /devices/LNXSYSTM:00/LNXPWRBN:00/input/input0
[   21.416273] ACPI: Power Button [PWRF]
[   21.416347] input: Sleep Button as /devices/LNXSYSTM:00/LNXSLPBN:00/input/input1
[   21.416348] ACPI: Sleep Button [SLPF]
[   21.416496] GHES: HEST is not enabled!
[   21.417516] ACPI: Battery Slot [BAT0] (battery present)
[   21.523196] Serial: 8250/16550 driver, 32 ports, IRQ sharing enabled
[   21.551575] 00:02: ttyS0 at I/O 0x3f8 (irq = 4, base_baud = 115200) is a 16550A
[   21.573261] Linux agpgart interface v0.103
[   21.583643] loop: module loaded
[   21.584218] scsi host0: ata_piix
[   21.584274] scsi host1: ata_piix
[   21.584306] ata1: PATA max UDMA/33 cmd 0x1f0 ctl 0x3f6 bmdma 0xd000 irq 14
[   21.584307] ata2: PATA max UDMA/33 cmd 0x170 ctl 0x376 bmdma 0xd008 irq 15
[   21.584409] libphy: Fixed MDIO Bus: probed
[   21.584412] tun: Universal TUN/TAP device driver, 1.6
[   21.584412] tun: (C) 1999-2004 Max Krasnyansky <maxk@qualcomm.com>
[   21.584731] PPP generic driver version 2.4.2
[   21.584786] ehci_hcd: USB 2.0 'Enhanced' Host Controller (EHCI) Driver
[   21.584789] ehci-pci: EHCI PCI platform driver
[   21.584804] ehci-platform: EHCI generic platform driver
[   21.584812] ohci_hcd: USB 1.1 'Open' Host Controller (OHCI) Driver
[   21.584815] ohci-pci: OHCI PCI platform driver
[   21.584822] ohci-platform: OHCI generic platform driver
[   21.584829] uhci_hcd: USB Universal Host Controller Interface driver
[   21.584885] i8042: PNP: PS/2 Controller [PNP0303:PS2K,PNP0f03:PS2M] at 0x60,0x64 irq 1,12
[   21.585576] serio: i8042 KBD port at 0x60,0x64 irq 1
[   21.585587] serio: i8042 AUX port at 0x60,0x64 irq 12
[   21.585792] mousedev: PS/2 mouse device common for all mice
[   21.586349] input: AT Translated Set 2 keyboard as /devices/platform/i8042/serio0/input/input2
[   21.586879] rtc_cmos rtc_cmos: rtc core: registered rtc_cmos as rtc0
[   21.587046] rtc_cmos rtc_cmos: alarms up to one day, 114 bytes nvram
[   21.587057] i2c /dev entries driver
[   21.587125] device-mapper: uevent: version 1.0.3
[   21.587195] device-mapper: ioctl: 4.34.0-ioctl (2015-10-28) initialised: dm-devel@redhat.com
[   21.587218] ledtrig-cpu: registered to indicate activity on CPUs
[   21.587856] NET: Registered protocol family 10
[   21.588012] NET: Registered protocol family 17
[   21.588021] Key type dns_resolver registered
[   21.588173] microcode: CPU0 sig=0x306d4, pf=0x40, revision=0x0
[   21.594110] microcode: CPU1 sig=0x306d4, pf=0x40, revision=0x0
[   21.594156] microcode: Microcode Update Driver: v2.01 <tigran@aivazian.fsnet.co.uk>, Peter Oruba
[   21.594282] registered taskstats version 1
[   21.594295] Loading compiled-in X.509 certificates
[   21.595020] Loaded X.509 cert 'Build time autogenerated kernel key: 4c603087bab8f0a02cb3b4e1fb4c40f507e71ef1'
[   21.595040] zswap: loaded using pool lzo/zbud
[   21.597002] Key type trusted registered
[   21.600362] Key type encrypted registered
[   21.600369] AppArmor: AppArmor sha1 policy hashing enabled
[   21.600373] ima: No TPM chip found, activating TPM-bypass!
[   21.600393] evm: HMAC attrs: 0x1
[   21.600726]   Magic number: 6:171:988
[   21.600730] machinecheck machinecheck1: hash matches
[   21.606976] rtc_cmos rtc_cmos: setting system clock to 2018-02-05 13:57:11 UTC (1517839031)
[   21.607073] BIOS EDD facility v0.16 2004-Jun-25, 0 devices found
[   21.607074] EDD information not available.
[   24.197614] clocksource: tsc: mask: 0xffffffffffffffff max_cycles: 0x1713580eb07, max_idle_ns: 440795279613 ns
[   24.241917] Freeing unused kernel memory: 1508K
[   24.309624] Write protecting the kernel read-only data: 14336k
[   24.354009] Freeing unused kernel memory: 1728K
[   24.400134] Freeing unused kernel memory: 108K
Loading, please wait...
[   24.471344] random: systemd-udevd: uninitialized urandom read (16 bytes read, 7 bits of entropy available)
starting version 229
[   24.472191] random: udevadm: uninitialized urandom read (16 bytes read, 7 bits of entropy available)
[   24.472222] random: udevadm: uninitialized urandom read (16 bytes read, 7 bits of entropy available)
[   24.486364] random: udevadm: uninitialized urandom read (16 bytes read, 7 bits of entropy available)
[   24.486458] random: udevadm: uninitialized urandom read (16 bytes read, 7 bits of entropy available)
[   24.486818] random: udevadm: uninitialized urandom read (16 bytes read, 7 bits of entropy available)
[   24.486937] random: udevadm: uninitialized urandom read (16 bytes read, 7 bits of entropy available)
[   24.487018] random: udevadm: uninitialized urandom read (16 bytes read, 7 bits of entropy available)
[   24.487095] random: udevadm: uninitialized urandom read (16 bytes read, 7 bits of entropy available)
[   24.487214] random: udevadm: uninitialized urandom read (16 bytes read, 7 bits of entropy available)
[   25.150398] e1000: Intel(R) PRO/1000 Network Driver - version 7.3.21-k8-NAPI
[   25.170919] e1000: Copyright (c) 1999-2006 Intel Corporation.
[   25.182657] Fusion MPT base driver 3.04.20
[   25.211422] Copyright (c) 1999-2008 LSI Corporation
[   25.230204] AVX2 version of gcm_enc/dec engaged.
[   25.277093] AES CTR mode by8 optimization enabled
[   25.329005] Fusion MPT SPI Host driver 3.04.20
[   25.427150] input: ImExPS/2 Generic Explorer Mouse as /devices/platform/i8042/serio1/input/input4
[   25.664550] e1000 0000:00:03.0 eth0: (PCI:33MHz:32-bit) 02:1f:2a:60:99:e3
[   25.744360] e1000 0000:00:03.0 eth0: Intel(R) PRO/1000 Network Connection
[   26.228609] e1000 0000:00:08.0 eth1: (PCI:33MHz:32-bit) 08:00:27:67:9b:77
[   26.242911] e1000 0000:00:08.0 eth1: Intel(R) PRO/1000 Network Connection
[   26.305056] e1000 0000:00:03.0 enp0ss: renamed from eth0
[   26.311271] mptbase: ioc0: Initiating bringup
[   26.376624] ioc0: LSI53C1030 A0: Capabilities={Initiator}
[   26.533905] e1000 0000:00:08.0 enp0s8: renamed from eth1
[   26.546178] scsi host2: ioc0: LSI53C1030 A0, FwRev=00000000h, Ports=1, MaxQ=256, IRQ=20
[   26.659610] scsi 2:0:0:0: Direct-Access     VBOX     HARDDISK         1.0  PQ: 0 ANSI: 5
[   26.659616] scsi target2:0:0: Beginning Domain Validation
[   26.660916] scsi target2:0:0: Domain Validation skipping write tests
[   26.660917] scsi target2:0:0: Ending Domain Validation
[   26.660970] scsi target2:0:0: asynchronous
[   26.661357] scsi 2:0:1:0: Direct-Access     VBOX     HARDDISK         1.0  PQ: 0 ANSI: 5
[   26.661361] scsi target2:0:1: Beginning Domain Validation
[   26.662427] scsi target2:0:1: Domain Validation skipping write tests
[   26.662428] scsi target2:0:1: Ending Domain Validation
[   26.662481] scsi target2:0:1: asynchronous
[   26.672554] sd 2:0:0:0: Attached scsi generic sg0 type 0
[   26.672856] sd 2:0:0:0: [sda] 20971520 512-byte logical blocks: (10.7 GB/10.0 GiB)
[   26.672899] sd 2:0:1:0: [sdb] 20480 512-byte logical blocks: (10.5 MB/10.0 MiB)
[   26.672987] sd 2:0:1:0: Attached scsi generic sg1 type 0
[   26.673074] sd 2:0:1:0: [sdb] Write Protect is off
[   26.673087] sd 2:0:0:0: [sda] Write Protect is off
[   26.673704] sd 2:0:1:0: [sdb] Incomplete mode parameter data
[   26.673705] sd 2:0:1:0: [sdb] Assuming drive cache: write through
[   26.673716] sd 2:0:0:0: [sda] Incomplete mode parameter data
[   26.673718] sd 2:0:0:0: [sda] Assuming drive cache: write through
[   26.677519]  sda: sda1
[   26.678832] sd 2:0:0:0: [sda] Attached SCSI disk
[   26.679117] sd 2:0:1:0: [sdb] Attached SCSI disk
[   28.168232] floppy0: no floppy controllers found
Begin: Loading essential drivers[   29.925147] md: linear personality registered for level -1
 ... [   29.995539] md: multipath personality registered for level -4
[   30.063000] md: raid0 personality registered for level 0
[   30.104722] md: raid1 personality registered for level 1
[   30.227301] raid6: sse2x1   gen()  7866 MB/s
[   30.339161] raid6: sse2x1   xor()  5288 MB/s
[   30.459449] raid6: sse2x2   gen()  9193 MB/s
[   30.559289] raid6: sse2x2   xor()  4006 MB/s
[   30.679269] raid6: sse2x4   gen() 10443 MB/s
[   30.803335] raid6: sse2x4   xor()  6651 MB/s
[   30.907360] raid6: avx2x1   gee() 16000 MB/s
[   31.015277] raid6: avx2x2   gen() 15287 MB/s
[   31.107295] raid6: avx2x4   gen() 19524 MB/s
[   31.159900] raid6: using algorithm avx2x4 gen() 19524 MB/s
[   31.211741] raid6: using avx2x2 recovery algorithm
[   31.265672] xor: automatically using best checksumming function:
[   31.359557]    avx       : 20018.000 MB/sec
[   31.468514] async_tx: api initialized (async)
[   31.492605] md: raid6 personality registered for level 6
[   31.570840] md: raid5 personality registered for level 5
[   31.581063] md: raid4 personality registered for level 4
[   31.601970] md: raid10 personality registered for level 10
done.
Begin: Running /scripts/init-premount ... done.
Begin: Mounting root file system ... Begin: Running /scripts/lo[   31.683705] Btrfs loaded
cal-top ... done.
Begin: Running /scripts/local-premount ... Scanning for Btrfs filesystems
done.
Warning: fsck no[   31.760278] EXT4-fs (sda1): INFO: recovery required on readonly filesystem
t present, so sk[   31.841170] EXT4-fs (sda1): write access will be enabled during recovery
ipping root file system
[   32.276079] EXT4-fs (sda1): recovery complete
[   32.339129] EXT4-fs (sda1): mounted filesystem with ordered data mode. Opts: (null)
done.
Begin: Running /scripts/local-bottom ... done.
Begin: Running /scripts/init-bottom ... done.
[   32.585278] systemd[1]: systemd 229 running in system mode. (+PAM +AUDIT +SELINUX +IMA +APPARMOR +SMACK +SYSVINIT +UTMP +LIBCRYPTSETUP +GCRYPT +GNUTLS +ACL +XZ -LZ4 +SECCOMP +BLKID +ELFUTILS +KMOD -IDN)
[   32.666239] systemd[1]: Detected virtualization oracle.
[   32.701010] systemd[1]: Detected architecture x86-64.
[   32.714178] random: nonblocking pool is initialized

Welcome to [1mUbuntu 16.04.3 LTS[0m!

[   32.752399] systemd[1]: Set hostname to <ubuntu-xenial>.
[   33.145514] systemd[1]: Set up automount Arbitrary Executable File Formats File System Automount Point.
[[0;32m  OK  [0m] Set up automount Arbitrary Executab...ats File System Automount Point.
[   33.287679] systemd[1]: Listening on LVM2 metadata daemon socket.
[[0;32m  OK  [0m] Listening on LVM2 metadata daemon socket.
[   33.348408] systemd[1]: Listening on udev Control Socket.
[[0;32m  OK  [0m] Listening on udev Control Socket.
[   33.387712] systemd[1]: Listening on udev Kernel Socket.
[[0;32m  OK  [0m] Listening on udev Kernel Socket.
[   33.532523] systemd[1]: Created slice System Slice.
[[0;32m  OK  [0m] Created slice System Slice.
[   33.649711] systemd[1]: Reached target Swap.
[[0;32m  OK  [0m] Reached target Swap.
[   33.712288] systemd[1]: Started Forward Password Requests to Wall Directory Watch.
[[0;32m  OK  [0m] Started Forward Password Requests to Wall Directory Watch.
[   33.891594] systemd[1]: Listening on LVM2 poll daemon socket.
[[0;32m  OK  [0m] Listening on LVM2 poll daemon socket.
[   33.939993] systemd[1]: Listening on /dev/initctl Compatibility Named Pipe.
[[0;32m  OK  [0m] Listening on /dev/initctl Compatibility Named Pipe.
[   33.979725] systemd[1]: Listening on Syslog Socket.
[[0;32m  OK  [0m] Listening on Syslog Socket.
[   34.051810] systemd[1]: Created slice system-serial\x2dgetty.slice.
[[0;32m  OK  [0m] Created slice system-serial\x2dgetty.slice.
[   34.123143] systemd[1]: Reached target Encrypted Volumes.
[[0;32m  OK  [0m] Reached target Encrypted Volumes.
[   34.177971] systemd[1]: Listening on Device-mapper event daemon FIFOs.
[[0;32m  OK  [0m] Listening on Device-mapper event daemon FIFOs.
[   34.316013] systemd[1]: Listening on Journal Socket.
[[0;32m  OK  [0m] Listening on Journal Socket.
[   34.384059] systemd[1]: Starting Monitoring of LVM2 mirrors, snapshots etc. using dmeventd or progress polling...
         Starting Monitoring of LVM2 mirrors... dmeventd or progress polling...
[   34.544104] systemd[1]: Starting Set console keymap...
         Starting Set console keymap...
[   34.607291] systemd[1]: Mounting POSIX Message Queue File System...
         Mounting POSIX Message Queue File System...
[   34.722141] systemd[1]: Starting Load Kernel Modules...
[   34.737312] Loading iSCSI transport class v2.0-870.
         Startin[   34.748863] iscsi: registered transport (tcp)
g Load Kernel Modules...
[   35.559543] systemd[1]: Starting Nameserver information manager...
         Startin[   35.582950] iscsi: registered transport (iser)
g Nameserver information manager...
[   35.692168] systemd[1]: Starting Uncomplicated firewall...
         Starting Uncomplicated firewall...
[   35.744376] systemd[1]: Listening on Journal Audit Socket.
[[0;32m  OK  [0m] Listening on Journal Audit Socket.
[   35.887566] systemd[1]: Starting Remount Root and Kernel File Systems...
[   35.895776] EXT4-fs (sda1): re-mounted. Opts: (null)
         Starting Remount Root and Kernel File Systems...
[   36.103780] systemd[1]: Mounting Huge Pages File System...
         Mounting Huge Pages File System...
[   36.141001] systemd[1]: Created slice User and Session Slice.
[[0;32m  OK  [0m] Created slice User and Session Slice.
[   36.151825] systemd[1]: Reached target Slices.
[[0;32m  OK  [0m] Reached target Slices.
[   36.215421] systemd[1]: Mounting Debug File System...
         Mounting Debug File System...
[ 36694]ysemd[]]: Reacedtarget User ndGrou Ne oks.
[[0;32m  OK  [0m] Reached target User and Group Name Lookups.
[   6.40] systemd[]:iseningonouna Sckt delo.
[[0;32m  OK  [0m] Listening on Journal Socket (/dev/log).
[   37.651911] systemd[1]: Starting Create list of required static device nodes for the current kernel...
         Starting Create list of required st... nodes for the current kernel...
[ 377863syem[1 Srted Trigger reolonupteor networkd DN.

[[0;32m  OK  [0m] Started Trigger resolvconf update for networkd DNS.
[   38.528053] systemd[1]: Starting Journal Service...
         Starting Journal Service...
[   38.597725] systemd[1]: Mounted Huge Pages File System.
[[0;32m  OK  [0m] Mounted Huge Pages File System.
[   8.62] std[: uned Deugil System
[[0;32m  OK  [0m] Mounted Debug File System.
[   9.587]ystemd[1]:Montd POSIX Message Queue FileSyem.
[[0;32m  OK  [0m] Mounted POSIX Message Queue File System.
[   397841syem1] StateJonal Sevice.
[[0;32m  OK  [0m] Started Journal Service.
[[0;32m  OK  [0m] Started Set console keymap.
[[0;32m  OK  [0m] Started Load Kernel Modules.
[[0;32m  OK  [0m] Started Uncomplicated firewall.
[[0;32m  OK  [0m] Started Remount Root and Kernel File Systems.
[[0;32m  OK  [0m] Started Create list of required sta...ce nodes for the current kernel.
[[0;32m  OK  [0m] Started Nameserver information manager.
[[0;32m  OK  [0m] Started LVM2 metadata daemon.
         Starting Create Static Device Nodes in /dev...
         Starting udev Coldplug all Devices...
         Starting Load/Save Random Seed...
         Starting Initial cloud-init job (pre-networking)...
         Mounting FUSE Control File System...
         Starting Apply Kernel Variables...
         Starting Flush Journal to Persistent Storage...
[[0;32m  OK  [0m] Mounted FUSE Control File System.
[[0;32m  OK  [0m] Started Create Static Device Nodes in /dev.
[[0;32m  OK  [0m] Started Load/Save Random Seed.
[[0;32m  OK  [0m] Started Apply Kernel Variables.
[[0;32m  OK  [0m] Started udev Coldplug all Devices.
[[0;32m  OK  [0m] Started Flush Journal to Persistent Storage.
[[0;32m  OK  [0m] Started Monitoring of LVM2 mirrors,...ng dmeventd or progress polling.
         Starting udev Kernel Device Manager...
[[0;32m  OK  [0m] Started udev Kernel Device Manager.
[[0;32m  OK  [0m] Started Dispatch Password Requests to Console Directory Watch.
[[0;32m  OK  [0m] Reached target Local File Systems (Pre).
[[0;32m  OK  [0m] Reached target Local File Systems.
         Starting Tell Plymouth To Write Out Runtime Data...
         Starting Set console font and keymap...
         Starting Create Volatile Files and Directories...
         Starting LSB: AppArmor initialization...
[[0;32m  OK  [0m] Started Tell Plymouth To Write Out Runtime Data.
[[0;32m  OK  [0m] Started Create Volatile Files and Directories.
[[0;32m  OK  [0m] Found device /dev/ttyS0.
[[0;32m  OK  [0m] Reached target System Time Synchronized.
         Starting Update UTMP about System Boot/Shutdown...
[[0;32m  OK  [0m] Started LSB: AppArmor initialization.
[[0;32m  OK  [0m] Listening on Load/Save RF Kill Switch Status /dev/rfkill Watch.
[[0;32m  OK  [0m] Started Update UTMP about System Boot/Shutdown.
[   26.808746] cloud-init[450]: Cloud-init v. 17.1 running 'init-local' at Mon, 05 Feb 2018 13:57:32 +0000. Up 26.35 seconds.
[[0;32m  OK  [0m] Started Initial cloud-init job (pre-networking).
[[0;32m  OK  [0m] Reached target Network (Pre).
         Starting Raise network interfaces...
[[0;32m  OK  [0m] Started ifup for enp0s8.
[[0;32m  OK  [0m] Started ifup for enp0s3.
[[0;32m  OK  [0m] Started Set console font and keymap.
[[0;32m  OK  [0m] Found device 82540EM Gigabit Ethern...r (PRO/1000 MT Desktop Adapter).
[[0;32m  OK  [0m] Found device 82540EM Gigabit Ethern...r (PRO/1000 MT Desktop Adapter).
[[0;32m  OK  [0m] Created slice system-getty.slice.
[[0;32m  OK  [0m] Started Raise network interfaces.
         Starting Initial cloud-init job (metadata service crawler)...
[[0;32m  OK  [0m] Reached target Network.
[   29.428157] cloud-init[1059]: Cloud-init v. 17.1 running 'init' at Mon, 05 Feb 2018 13:57:34 +0000. Up 28.93 seconds.
[   29.452750] cloud-init[1059]: ci-info: ++++++++++++++++++++++++++++++++++++++Net device info++++++++++++++++++++++++++++++++++++++
[   29.520564] cloud-init[1059]: ci-info: +--------+------+-----------------------------+---------------+-------+-------------------+
[   29.522125] cloud-init[1059]: ci-info: | Device |  Up  |           Address           |      Mask     | Scope |     Hw-Address    |
[   29.523023] cloud-init[1059]: ci-info: +--------+------+-----------------------------+---------------+-------+-------------------+
[[0;32m  OK  [0m] Started Initial cloud-init job (metadata service crawler).
[   29.524429] cloud-init[1059]: ci-info: | enp0s3 | True |          10.0.2.15          | 255.255.255.0 |   .   | 02:1f:2a:60:99:e3 |
[   29.804690] cloud-init[1059]: ci-info: | enp0s3 | True |  fe80::1f:2aff:fe60:99e3/64 |       .       |  link | 02:1f:2a:60:99:e3 |
[   29.805288] cloud-init[1059]: ci-info: | enp0s8 | True |        192.168.10.151       | 255.255.255.0 |   .   | 08:00:27:67:9b:77 |
[[0;32m  OK  [0m] Reached target Network is Online.
[   29.805522] cloud-init[1059]: ci-info: | enp0s8 | True | fe80::a00:27ff:fe67:9b77/64 |       .       |  link | 08:00:27:67:9b:77 |
[   29.989128] cloud-init[1059]: ci-info: |   lo   | True |          127.0.0.1          |   255.0.0.0   |   .   |         .         |
[   29.989711] cloud-init[1059]: ci-info: |   lo   | True |           ::1/128           |       .       |  host |         .         |
         Starting iSCSI initiator daemon (iscsid)...
[   29.989950] cloud-init[1059]: ci-info: +--------+------+-----------------------------+---------------+-------+-------------------+
[   30.225994] cloud-init[1059]: ci-info: ++++++++++++++++++++++++++++Route IPv4 info++++++++++++++++++++++++++++
[[0;32m  OK  [0m] Reached target System Initialization.
[   30.226252] cloud-init[1059]: ci-info: +-------+--------------+----------+---------------+-----------+-------+
[   30.564692] cloud-init[1059]: ci-info: | Route | Destination  | Gateway  |    Genmask    | Interface | Flags |
[   30.565502] cloud-init[1059]: ci-info: +-------+--------------+----------+---------------+-----------+-------+
[[0;32m  OK  [0m] Started Timer to automatically refresh installed snaps.
         Starting Socket activation for snappy daemon.
[   30.565909] cloud-init[1059]: ci-info: |   0   |   0.0.0.0    | 10.0.2.2 |    0.0.0.0    |   enp0s3  |   UG  |
[   30.876856] cloud-init[1059]: ci-info: |   1   |   10.0.2.0   | 0.0.0.0  | 255.255.255.0 |   enp0s3  |   U   |
[   30.877430] cloud-init[1059]: ci-info: |   2   | 192.168.10.0 | 0.0.0.0  | 255.255.255.0 |   enp0s8  |   U   |
[[0;32m  OK  [0m] Listening on D-Bus System Message Bus Socket.
[[   30.877647] cloud-init[1059]: ci-info: +-------+--------------+----------+---------------+-----------+-------+
[0;32m  OK  [0m] Listening on UUID daemon activation socket.
[[0;32m  OK  [0m] Listening on ACPID Listen Socket.
[[0;32m  OK  [0m] Started ACPI Events Check.
[[0;32m  OK  [0m] Reached target Paths.
         Starting LXD - unix socket.
[[0;32m  OK  [0m] Started Daily Cleanup of Temporary Directories.
[[0;32m  OK  [0m] Started Daily apt download activities.
[[0;32m  OK  [0m] Started Daily apt upgrade and clean activities.
[[0;32m  OK  [0m] Reached target Timers.
[[0;32m  OK  [0m] Reached target Cloud-config availability.
[[0;32m  OK  [0m] Listening on Socket activation for snappy daemon.
[[0;32m  OK  [0m] Listening on LXD - unix socket.
[[0;32m  OK  [0m] Started iSCSI initiator daemon (iscsid).
         Starting Login to default iSCSI targets...
[[0;32m  OK  [0m] Reached target Sockets.
[[0;32m  OK  [0m] Reached target Basic System.
[[0;32m  OK  [0m] Started High-performance, schema-free document-oriented database.
[[0;32m  OK  [0m] Started Deferred execution scheduler.
         Starting LXD - container startup/shutdown...
         Starting System Logging Service...
[[0;32m  OK  [0m] Started ACPI event daemon.
         Starting LSB: MD monitoring daemon...
[[0;32m  OK  [0m] Started Regular background program processing daemon.
[[0;32m  OK  [0m] Started FUSE filesystem for LXC.
         Starting A high performance web server and a reverse proxy server...
         Starting /etc/rc.local Compatibility...
         Starting Login Service...
         Starting Accounts Service...
[[0;32m  OK  [0m] Started Unattended Upgrades Shutdown.
[[0;32m  OK  [0m] Started D-Bus System Message Bus.
         Starting OpenBSD Secure Shell server...
         Starting Apply the settings specified in cloud-config...
         Starting LSB: Record successful boot for GRUB...
         Starting Snappy daemon...
[[0;32m  OK  [0m] Started System Logging Service.
[[0;32m  OK  [0m] Started OpenBSD Secure Shell server.
[[0;32m  OK  [0m] Started LXD - container startup/shutdown.
[[0;32m  OK  [0m] Started /etc/rc.local Compatibility.
[[0;32m  OK  [0m] Started Snappy daemon.
[[0;32m  OK  [0m] Started A high performance web server and a reverse proxy server.
[[0;32m  OK  [0m] Started Login to default iSCSI targets.
[[0;32m  OK  [0m] Started LSB: MD monitoring daemon.
[[0;32m  OK  [0m] Started LSB: Record successful boot for GRUB.
[[0;32m  OK  [0m] Started Login Service.
[   33.185056] cloud-init[1164]: Cloud-init v. 17.1 running 'modules:config' at Mon, 05 Feb 2018 13:57:38 +0000. Up 32.96 seconds.
         Starting Authenticate and Authorize Users to Run Privileged Tasks...
[[0;32m  OK  [0m] Reached target Remote File Systems (Pre).
[[0;32m  OK  [0m] Reached target Remote File Systems.
         Starting LSB: VirtualBox Linux Additions...
         Starting Permit User Sessions...
         Starting LSB: daemon to balance interrupts for SMP systems...
         Starting LSB: Set the CPU Frequency Scaling governor to "ondemand"...
         Starting LSB: automatic crash report generation...
[[0;32m  OK  [0m] Started Apply the settings specified in cloud-config.
[[0;32m  OK  [0m] Started Permit User Sessions.
[[0;32m  OK  [0m] Started Authenticate and Authorize Users to Run Privileged Tasks.
[[0;32m  OK  [0m] Started Accounts Service.
         Starting Hold until boot process finishes up...
         Starting Terminate Plymouth Boot Screen...
[[0;32m  OK  [0m] Started LSB: VirtualBox Linux Additions.
[[0;32m  OK  [0m] Started LSB: daemon to balance interrupts for SMP systems.
[[0;32m  OK  [0m] Started LSB: Set the CPU Frequency Scaling governor to "ondemand".
[[0;32m  OK  [0m] Started LSB: automatic crash report generation.
[[0;32m  OK  [0m] Started Hold until boot process finishes up.
[[0;32m  OK  [0m] Started Terminate Plymouth Boot Screen.
[[0;32m  OK  [0m] Started Serial Getty on ttyS0.
[[0;32m  OK  [0m] Started Getty on tty1.
[[0;32m  OK  [0m] Reached target Login Prompts.
         Starting Set console scheme...
[[0;32m  OK  [0m] Reached target Multi-User System.
         Starting Execute cloud user/final scripts...
[[0;32m  OK  [0m] Reached target Graphical Interface.
         Starting Update UTMP about System Runlevel Changes...
[[0;32m  OK  [0m] Started Set console scheme.
[[0;32m  OK  [0m] Started Update UTMP about System Runlevel Changes.
[[0;32m  OK  [0m] Created slice User Slice of vagrant.
[[0;32m  OK  [0m] Started Session 1 of user vagrant.
         Starting User Manager for UID 1000...
[[0;32m  OK  [0m] Started User Manager for UID 1000.
[   34.785959] cloud-init[1298]: Cloud-init v. 17.1 running 'modules:final' at Mon, 05 Feb 2018 13:57:40 +0000. Up 34.60 seconds.
[   34.836537] cloud-init[1298]: Cloud-init v. 17.1 finished at Mon, 05 Feb 2018 13:57:40 +0000. Datasource DataSourceNoCloud [seed=/dev/sdb][dsmode=net].  Up 34.77 seconds
[[0;32m  OK  [0m] Started Execute cloud user/final scripts.
[[0;32m  OK  [0m] Reached target Cloud-init target.

Ubuntu 16.04.3 LTS ubuntu-xenial ttyS0

ubuntu-xenial login: 